###############################################################
#  Generated by:      Cadence Encounter 09.11-s084_1
#  OS:                Linux x86_64(Host ID ee215lnx03.ecn.purdue.edu)
#  Generated on:      Tue Mar  8 19:45:12 2016
#  Command:           verifyMetalDensity -reportfile lab7_layout_design.dens...
###############################################################

Verify Density report created on Tue Mar  8 19:45:12 2016

    Layer    Density(%)          Window  
***************************************************

      M1       16.04    (300 300) (500 500)
      M1       19.13    (200 400) (400 600)
      M1       14.54    (300 400) (500 600)
      M1       19.38    (400 400) (600 600)
      M1       16.99    (300 500) (500 700)
      M1       18.40    (1000 500) (1200 700)
      M1       16.20    (300 600) (500 800)
      M1       15.07    (1000 600) (1200 800)
      M1       18.23    (1100 600) (1300 800)
      M1       17.49    (300 700) (500 900)
      M1       14.54    (1000 700) (1200 900)
      M1       17.96    (1100 700) (1300 900)
      M1       19.86    (200 800) (400 1000)
      M1       16.81    (300 800) (500 1000)
      M1       19.67    (900 800) (1100 1000)
      M1       14.93    (1000 800) (1200 1000)
      M1       18.49    (1100 800) (1300 1000)
      M1       17.25    (200 900) (400 1100)
      M1       13.39    (300 900) (500 1100)
      M1       19.96    (400 900) (600 1100)
      M1       18.97    (800 900) (1000 1100)
      M1       16.83    (900 900) (1100 1100)
      M1       13.05    (1000 900) (1200 1100)
      M1       18.47    (1100 900) (1300 1100)
      M1       16.87    (200 1000) (400 1200)
      M1       12.27    (300 1000) (500 1200)
      M1       17.35    (800 1000) (1000 1200)
      M1       18.32    (900 1000) (1100 1200)
      M1       15.27    (1000 1000) (1200 1200)
      M1       19.33    (1100 1000) (1300 1200)
      M1       17.62    (200 1100) (400 1300)
      M1       10.25    (300 1100) (500 1300)
      M1       16.19    (400 1100) (600 1300)
      M1       17.36    (500 1100) (700 1300)
      M1       18.75    (800 1100) (1000 1300)
      M1       15.88    (1000 1100) (1200 1300)
      M1       19.63    (200 1200) (400 1400)
      M1       10.50    (300 1200) (500 1400)
      M1       13.39    (400 1200) (600 1400)
      M1       15.16    (500 1200) (700 1400)
      M1       17.72    (600 1200) (800 1400)
      M1       18.84    (700 1200) (900 1400)
      M1       19.11    (800 1200) (1000 1400)
      M1       19.19    (900 1200) (1100 1400)
      M1       14.75    (1000 1200) (1200 1400)

      M2       17.52    (400 200) (600 400)
      M2       17.52    (500 200) (700 400)
      M2       18.36    (600 200) (800 400)
      M2       20.00    (700 200) (900 400)
      M2       10.57    (300 300) (500 500)
      M2        2.63    (400 300) (600 500)
      M2        2.92    (500 300) (700 500)
      M2        4.35    (600 300) (800 500)
      M2        7.64    (700 300) (900 500)
      M2        9.51    (800 300) (1000 500)
      M2        9.37    (900 300) (1100 500)
      M2       15.08    (1000 300) (1200 500)
      M2       15.63    (300 400) (500 600)
      M2        8.73    (400 400) (600 600)
      M2        9.24    (500 400) (700 600)
      M2        9.46    (600 400) (800 600)
      M2       11.26    (700 400) (900 600)
      M2       12.46    (800 400) (1000 600)
      M2       11.93    (900 400) (1100 600)
      M2       19.25    (1000 400) (1200 600)
      M2       18.87    (300 500) (500 700)
      M2       12.77    (400 500) (600 700)
      M2       12.71    (500 500) (700 700)
      M2       12.59    (600 500) (800 700)
      M2       12.00    (700 500) (900 700)
      M2       13.17    (800 500) (1000 700)
      M2       12.44    (900 500) (1100 700)
      M2       18.09    (1000 500) (1200 700)
      M2       19.14    (300 600) (500 800)
      M2       13.14    (400 600) (600 800)
      M2       12.28    (500 600) (700 800)
      M2       12.09    (600 600) (800 800)
      M2       12.28    (700 600) (900 800)
      M2       13.00    (800 600) (1000 800)
      M2       11.40    (900 600) (1100 800)
      M2       16.23    (1000 600) (1200 800)
      M2       18.75    (300 700) (500 900)
      M2       12.00    (400 700) (600 900)
      M2       12.16    (500 700) (700 900)
      M2       11.90    (600 700) (800 900)
      M2       11.83    (700 700) (900 900)
      M2       11.13    (800 700) (1000 900)
      M2        8.70    (900 700) (1100 900)
      M2       15.32    (1000 700) (1200 900)
      M2       16.86    (300 800) (500 1000)
      M2        9.79    (400 800) (600 1000)
      M2       10.66    (500 800) (700 1000)
      M2       10.88    (600 800) (800 1000)
      M2       10.21    (700 800) (900 1000)
      M2        8.65    (800 800) (1000 1000)
      M2        7.45    (900 800) (1100 1000)
      M2       15.95    (1000 800) (1200 1000)
      M2       14.66    (300 900) (500 1100)
      M2        8.29    (400 900) (600 1100)
      M2        9.66    (500 900) (700 1100)
      M2       10.19    (600 900) (800 1100)
      M2        8.91    (700 900) (900 1100)
      M2        9.22    (800 900) (1000 1100)
      M2        9.11    (900 900) (1100 1100)
      M2       16.84    (1000 900) (1200 1100)
      M2       14.11    (300 1000) (500 1200)
      M2        8.13    (400 1000) (600 1200)
      M2        8.92    (500 1000) (700 1200)
      M2        9.93    (600 1000) (800 1200)
      M2        7.76    (700 1000) (900 1200)
      M2        8.91    (800 1000) (1000 1200)
      M2       10.89    (900 1000) (1100 1200)
      M2       17.25    (1000 1000) (1200 1200)
      M2       12.59    (300 1100) (500 1300)
      M2        5.62    (400 1100) (600 1300)
      M2        6.32    (500 1100) (700 1300)
      M2        7.87    (600 1100) (800 1300)
      M2        7.39    (700 1100) (900 1300)
      M2        7.79    (800 1100) (1000 1300)
      M2        9.79    (900 1100) (1100 1300)
      M2       16.45    (1000 1100) (1200 1300)
      M2       10.26    (300 1200) (500 1400)
      M2        1.49    (400 1200) (600 1400)
      M2        2.79    (500 1200) (700 1400)
      M2        3.90    (600 1200) (800 1400)
      M2        3.92    (700 1200) (900 1400)
      M2        4.27    (800 1200) (1000 1400)
      M2        4.96    (900 1200) (1100 1400)
      M2       13.06    (1000 1200) (1200 1400)
      M2       18.83    (300 1300) (500 1500)
      M2       13.83    (400 1300) (600 1500)
      M2       13.98    (500 1300) (700 1500)
      M2       14.06    (600 1300) (800 1500)
      M2       13.99    (700 1300) (900 1500)
      M2       14.15    (800 1300) (1000 1500)
      M2       14.35    (900 1300) (1100 1500)
      M2       19.11    (1000 1300) (1200 1500)

      M3       18.33    (300 200) (500 400)
      M3       18.11    (400 200) (600 400)
      M3       17.69    (500 200) (700 400)
      M3       18.35    (600 200) (800 400)
      M3       18.98    (700 200) (900 400)
      M3       19.14    (800 200) (1000 400)
      M3       19.00    (900 200) (1100 400)
      M3       17.99    (1000 200) (1200 400)
      M3       15.15    (200 300) (400 500)
      M3        4.61    (300 300) (500 500)
      M3        6.79    (400 300) (600 500)
      M3        6.63    (500 300) (700 500)
      M3        6.43    (600 300) (800 500)
      M3        5.38    (700 300) (900 500)
      M3        4.55    (800 300) (1000 500)
      M3        4.84    (900 300) (1100 500)
      M3        3.08    (1000 300) (1200 500)
      M3       14.53    (1100 300) (1300 500)
      M3       15.70    (200 400) (400 600)
      M3        7.87    (300 400) (500 600)
      M3       13.66    (400 400) (600 600)
      M3       15.09    (500 400) (700 600)
      M3       12.87    (600 400) (800 600)
      M3        8.84    (700 400) (900 600)
      M3        6.83    (800 400) (1000 600)
      M3        6.71    (900 400) (1100 600)
      M3        4.22    (1000 400) (1200 600)
      M3       14.76    (1100 400) (1300 600)
      M3       15.94    (200 500) (400 700)
      M3        8.18    (300 500) (500 700)
      M3       14.20    (400 500) (600 700)
      M3       16.76    (500 500) (700 700)
      M3       15.84    (600 500) (800 700)
      M3       12.52    (700 500) (900 700)
      M3       10.48    (800 500) (1000 700)
      M3        8.01    (900 500) (1100 700)
      M3        3.49    (1000 500) (1200 700)
      M3       14.48    (1100 500) (1300 700)
      M3       15.68    (200 600) (400 800)
      M3        8.04    (300 600) (500 800)
      M3       13.62    (400 600) (600 800)
      M3       14.75    (500 600) (700 800)
      M3       15.22    (600 600) (800 800)
      M3       15.25    (700 600) (900 800)
      M3       13.64    (800 600) (1000 800)
      M3        9.50    (900 600) (1100 800)
      M3        4.29    (1000 600) (1200 800)
      M3       14.91    (1100 600) (1300 800)
      M3       15.78    (200 700) (400 900)
      M3        8.13    (300 700) (500 900)
      M3       14.72    (400 700) (600 900)
      M3       15.96    (500 700) (700 900)
      M3       15.27    (600 700) (800 900)
      M3       14.95    (700 700) (900 900)
      M3       12.86    (800 700) (1000 900)
      M3        8.51    (900 700) (1100 900)
      M3        4.02    (1000 700) (1200 900)
      M3       15.10    (1100 700) (1300 900)
      M3       15.87    (200 800) (400 1000)
      M3        7.92    (300 800) (500 1000)
      M3       14.17    (400 800) (600 1000)
      M3       16.44    (500 800) (700 1000)
      M3       16.21    (600 800) (800 1000)
      M3       13.88    (700 800) (900 1000)
      M3        9.72    (800 800) (1000 1000)
      M3        6.46    (900 800) (1100 1000)
      M3        3.30    (1000 800) (1200 1000)
      M3       14.56    (1100 800) (1300 1000)
      M3       14.78    (200 900) (400 1100)
      M3        4.90    (300 900) (500 1100)
      M3        9.57    (400 900) (600 1100)
      M3       11.25    (500 900) (700 1100)
      M3       11.72    (600 900) (800 1100)
      M3       10.32    (700 900) (900 1100)
      M3        9.13    (800 900) (1000 1100)
      M3        8.74    (900 900) (1100 1100)
      M3        4.35    (1000 900) (1200 1100)
      M3       14.33    (1100 900) (1300 1100)
      M3       14.05    (200 1000) (400 1200)
      M3        1.21    (300 1000) (500 1200)
      M3        4.52    (400 1000) (600 1200)
      M3        6.93    (500 1000) (700 1200)
      M3        6.96    (600 1000) (800 1200)
      M3        5.47    (700 1000) (900 1200)
      M3        7.68    (800 1000) (1000 1200)
      M3        9.74    (900 1000) (1100 1200)
      M3        4.98    (1000 1000) (1200 1200)
      M3       14.84    (1100 1000) (1300 1200)
      M3       14.93    (200 1100) (400 1300)
      M3        0.57    (300 1100) (500 1300)
      M3        2.31    (400 1100) (600 1300)
      M3        3.90    (500 1100) (700 1300)
      M3        4.47    (600 1100) (800 1300)
      M3        4.95    (700 1100) (900 1300)
      M3        6.81    (800 1100) (1000 1300)
      M3        7.95    (900 1100) (1100 1300)
      M3        4.76    (1000 1100) (1200 1300)
      M3       15.91    (1100 1100) (1300 1300)
      M3       15.68    (200 1200) (400 1400)
      M3        0.51    (300 1200) (500 1400)
      M3        1.03    (400 1200) (600 1400)
      M3        1.12    (500 1200) (700 1400)
      M3        1.62    (600 1200) (800 1400)
      M3        3.26    (700 1200) (900 1400)
      M3        4.40    (800 1200) (1000 1400)
      M3        4.17    (900 1200) (1100 1400)
      M3        2.44    (1000 1200) (1200 1400)
      M3       16.09    (1100 1200) (1300 1400)
      M3       13.83    (300 1300) (500 1500)
      M3       13.83    (400 1300) (600 1500)
      M3       13.83    (500 1300) (700 1500)
      M3       13.83    (600 1300) (800 1500)
      M3       13.90    (700 1300) (900 1500)
      M3       13.92    (800 1300) (1000 1500)
      M3       13.85    (900 1300) (1100 1500)
      M3       13.83    (1000 1300) (1200 1500)


A total of 253 density violation(s).
Windows < Min. Density = 253
Windows > Max. Density = 0
